Flutter crash report.
Please report a bug at https://github.com/flutter/flutter/issues.

## command

flutter run -d chrome

## exception

StateError: Bad state: StreamSink is closed

```
#0      _StreamSinkImpl.add (dart:_http/http_impl.dart:919:7)
#1      _WebSocketImpl.add (dart:_http/websocket_impl.dart:1223:11)
#2      vmServiceConnectUriWithFactory.<anonymous closure> (package:vm_service/vm_service_io.dart:37:46)
#3      VmService._processRequest (package:vm_service/src/vm_service.dart:2030:18)
<asynchronous suspension>
```

## flutter doctor

```
[32m[✓][39m Flutter (Channel stable, 3.27.3, on Microsoft Windows [Version 10.0.26100.4349], locale en-KE)
    [32m•[39m Flutter version 3.27.3 on channel stable at C:\flutter
    [32m•[39m Upstream repository https://github.com/flutter/flutter.git
    [32m•[39m Framework revision c519ee916e (5 months ago), 2025-01-21 10:32:23 -0800
    [32m•[39m Engine revision e672b006cb
    [32m•[39m Dart version 3.6.1
    [32m•[39m DevTools version 2.40.2

[32m[✓][39m Windows Version (Installed version of Windows is version 10 or higher)

[32m[✓][39m Android toolchain - develop for Android devices (Android SDK version 34.0.0)
    [32m•[39m Android SDK at C:\Users\Benjamin Okwama\AppData\Local\Android\Sdk
    [32m•[39m Platform android-35, build-tools 34.0.0
    [32m•[39m ANDROID_SDK_ROOT = C:\Users\Benjamin Okwama\AppData\Local\Android\Sdk
    [32m•[39m Java binary at: C:\Program Files\Android\Android Studio\jbr\bin\java
    [32m•[39m Java version OpenJDK Runtime Environment (build 21.0.4+-12508038-b607.1)
    [32m•[39m All Android licenses accepted.

[32m[✓][39m Chrome - develop for the web
    [32m•[39m Chrome at C:\Program Files\Google\Chrome\Application\chrome.exe

[32m[✓][39m Visual Studio - develop Windows apps (Visual Studio Community 2022 17.13.1)
    [32m•[39m Visual Studio at C:\Program Files\Microsoft Visual Studio\2022\Community
    [32m•[39m Visual Studio Community 2022 version 17.13.35818.85
    [32m•[39m Windows 10 SDK version 10.0.22621.0

[32m[✓][39m Android Studio (version 2024.2)
    [32m•[39m Android Studio at C:\Program Files\Android\Android Studio
    [32m•[39m Flutter plugin can be installed from:
      🔨 https://plugins.jetbrains.com/plugin/9212-flutter
    [32m•[39m Dart plugin can be installed from:
      🔨 https://plugins.jetbrains.com/plugin/6351-dart
    [32m•[39m Java version OpenJDK Runtime Environment (build 21.0.4+-12508038-b607.1)

[32m[✓][39m VS Code, 64-bit edition (version 1.98.1)
    [32m•[39m VS Code at C:\Program Files\Microsoft VS Code
    [32m•[39m Flutter extension version 3.112.0

[32m[✓][39m Connected device (3 available)
    [32m•[39m Windows (desktop) • windows • windows-x64    • Microsoft Windows [Version 10.0.26100.4349]
    [32m•[39m Chrome (web)      • chrome  • web-javascript • Google Chrome 137.0.7151.104
    [32m•[39m Edge (web)        • edge    • web-javascript • Microsoft Edge 137.0.3296.68

[32m[✓][39m Network resources
    [32m•[39m All expected network resources are available.

[32m•[39m No issues found!
```
